<?xml version="1.0" encoding="UTF-8"?>
<!-- Generated by org.testng.reporters.JUnitXMLReporter -->
<testsuite hostname="DESKTOP-GV4QMTO" ignored="0" name="Default test" tests="2" failures="0" timestamp="26 Apr 2020 10:58:27 GMT" time="3.286" errors="0">
  <testcase name="getEmployeePositiveFlow" time="2.295" classname="com.assignment.api_assignment.GET_Request"/>
  <testcase name="getEmployeeNegativeFlow" time="0.913" classname="com.assignment.api_assignment.GET_Request"/>
</testsuite> <!-- Default test -->
