<?xml version="1.0" encoding="UTF-8"?>
<testng-results skipped="0" failed="0" ignored="0" total="2" passed="2">
  <reporter-output>
  </reporter-output>
  <suite name="Default suite" duration-ms="3286" started-at="2020-04-26T10:58:23Z" finished-at="2020-04-26T10:58:27Z">
    <groups>
    </groups>
    <test name="Default test" duration-ms="3286" started-at="2020-04-26T10:58:23Z" finished-at="2020-04-26T10:58:27Z">
      <class name="com.assignment.api_assignment.GET_Request">
        <test-method status="PASS" signature="getEmployeePositiveFlow()[pri:1, instance:com.assignment.api_assignment.GET_Request@3ffc5af1]" name="getEmployeePositiveFlow" duration-ms="2295" started-at="2020-04-26T10:58:23Z" finished-at="2020-04-26T10:58:26Z">
          <reporter-output>
          </reporter-output>
        </test-method> <!-- getEmployeePositiveFlow -->
        <test-method status="PASS" signature="getEmployeeNegativeFlow()[pri:2, instance:com.assignment.api_assignment.GET_Request@3ffc5af1]" name="getEmployeeNegativeFlow" duration-ms="913" started-at="2020-04-26T10:58:26Z" finished-at="2020-04-26T10:58:27Z">
          <reporter-output>
          </reporter-output>
        </test-method> <!-- getEmployeeNegativeFlow -->
      </class> <!-- com.assignment.api_assignment.GET_Request -->
    </test> <!-- Default test -->
  </suite> <!-- Default suite -->
</testng-results>
